{
  "0 debug pnpm:scope": {
    "selected": 1
  },
  "1 error pnpm": {
    "errno": 1,
    "code": "ELIFECYCLE",
    "pkgid": "aem-maven-archetype@1.0.0",
    "stage": "prod",
    "script": "node ./esbuilder.mjs --prod",
    "pkgname": "aem-maven-archetype",
    "err": {
      "name": "pnpm",
      "message": "aem-maven-archetype@1.0.0 prod: `node ./esbuilder.mjs --prod`\nExit status 1",
      "code": "ELIFECYCLE",
      "stack": "pnpm: aem-maven-archetype@1.0.0 prod: `node ./esbuilder.mjs --prod`\nExit status 1\n    at EventEmitter.<anonymous> (/snapshot/dist/pnpm.cjs)\n    at EventEmitter.emit (events.js:376:20)\n    at ChildProcess.<anonymous> (/snapshot/dist/pnpm.cjs)\n    at ChildProcess.emit (events.js:376:20)\n    at maybeClose (internal/child_process.js:1055:16)\n    at Process.ChildProcess._handle.onexit (internal/child_process.js:288:5)"
    }
  },
  "2 warn pnpm:global": " Local package.json exists, but node_modules missing, did you mean to install?"
}